{"uuid":"5bc06891-2b29-482d-a7bb-c83776d70b6c","historyId":"dcbbc66ed78313efaf2d9c9063409774","fullName":"EmployeeTests.addEmployeeTest","labels":[{"name":"package","value":"EmployeeTests"},{"name":"testClass","value":"EmployeeTests"},{"name":"testMethod","value":"addEmployeeTest"},{"name":"parentSuite","value":"Default Suite"},{"name":"suite","value":"soap-services-integration-homework"},{"name":"subSuite","value":"EmployeeTests"},{"name":"host","value":"DESKTOP-3QHAGIK"},{"name":"thread","value":"1792@DESKTOP-3QHAGIK.main(1)"},{"name":"framework","value":"testng"},{"name":"language","value":"java"}],"links":[],"name":"addEmployeeTest","status":"broken","statusDetails":{"known":false,"muted":false,"flaky":false,"message":"\r\n### Error updating database.  Cause: org.apache.ibatis.reflection.ReflectionException: There is no getter for property named 'birthDate' in 'class ge.tbc.testautomation.Employee'\r\n### The error may exist in ge/tbc/testautomation/EmployeeMapper.java (best guess)\r\n### The error may involve ge.tbc.testautomation.EmployeeMapper.insertEmployee-Inline\r\n### The error occurred while setting parameters\r\n### SQL: INSERT INTO employee (birth_date, salary, employee_id, address, department, email, name, phone) VALUES (?, ?, ?, ?, ?, ?, ?, ?)\r\n### Cause: org.apache.ibatis.reflection.ReflectionException: There is no getter for property named 'birthDate' in 'class ge.tbc.testautomation.Employee'","trace":"org.apache.ibatis.exceptions.PersistenceException: \r\n### Error updating database.  Cause: org.apache.ibatis.reflection.ReflectionException: There is no getter for property named 'birthDate' in 'class ge.tbc.testautomation.Employee'\r\n### The error may exist in ge/tbc/testautomation/EmployeeMapper.java (best guess)\r\n### The error may involve ge.tbc.testautomation.EmployeeMapper.insertEmployee-Inline\r\n### The error occurred while setting parameters\r\n### SQL: INSERT INTO employee (birth_date, salary, employee_id, address, department, email, name, phone) VALUES (?, ?, ?, ?, ?, ?, ?, ?)\r\n### Cause: org.apache.ibatis.reflection.ReflectionException: There is no getter for property named 'birthDate' in 'class ge.tbc.testautomation.Employee'\r\n\tat org.apache.ibatis.exceptions.ExceptionFactory.wrapException(ExceptionFactory.java:30)\r\n\tat org.apache.ibatis.session.defaults.DefaultSqlSession.update(DefaultSqlSession.java:199)\r\n\tat org.apache.ibatis.session.defaults.DefaultSqlSession.insert(DefaultSqlSession.java:184)\r\n\tat org.apache.ibatis.binding.MapperMethod.execute(MapperMethod.java:62)\r\n\tat org.apache.ibatis.binding.MapperProxy$PlainMethodInvoker.invoke(MapperProxy.java:141)\r\n\tat org.apache.ibatis.binding.MapperProxy.invoke(MapperProxy.java:86)\r\n\tat jdk.proxy2/jdk.proxy2.$Proxy12.insertEmployee(Unknown Source)\r\n\tat ge.tbc.testautomation.EmployeeSteps.insertEmployeeIntoDB(EmployeeSteps.java:77)\r\n\tat EmployeeTests.addEmployeeTest(EmployeeTests.java:12)\r\n\tat java.base/jdk.internal.reflect.DirectMethodHandleAccessor.invoke(DirectMethodHandleAccessor.java:103)\r\n\tat java.base/java.lang.reflect.Method.invoke(Method.java:580)\r\n\tat org.testng.internal.invokers.MethodInvocationHelper.invokeMethod(MethodInvocationHelper.java:141)\r\n\tat org.testng.internal.invokers.TestInvoker.invokeMethod(TestInvoker.java:686)\r\n\tat org.testng.internal.invokers.TestInvoker.invokeTestMethod(TestInvoker.java:230)\r\n\tat org.testng.internal.invokers.MethodRunner.runInSequence(MethodRunner.java:63)\r\n\tat org.testng.internal.invokers.TestInvoker$MethodInvocationAgent.invoke(TestInvoker.java:992)\r\n\tat org.testng.internal.invokers.TestInvoker.invokeTestMethods(TestInvoker.java:203)\r\n\tat org.testng.internal.invokers.TestMethodWorker.invokeTestMethods(TestMethodWorker.java:154)\r\n\tat org.testng.internal.invokers.TestMethodWorker.run(TestMethodWorker.java:134)\r\n\tat java.base/java.util.ArrayList.forEach(ArrayList.java:1597)\r\n\tat org.testng.TestRunner.privateRun(TestRunner.java:739)\r\n\tat org.testng.TestRunner.run(TestRunner.java:614)\r\n\tat org.testng.SuiteRunner.runTest(SuiteRunner.java:421)\r\n\tat org.testng.SuiteRunner.runSequentially(SuiteRunner.java:413)\r\n\tat org.testng.SuiteRunner.privateRun(SuiteRunner.java:373)\r\n\tat org.testng.SuiteRunner.run(SuiteRunner.java:312)\r\n\tat org.testng.SuiteRunnerWorker.runSuite(SuiteRunnerWorker.java:52)\r\n\tat org.testng.SuiteRunnerWorker.run(SuiteRunnerWorker.java:95)\r\n\tat org.testng.TestNG.runSuitesSequentially(TestNG.java:1274)\r\n\tat org.testng.TestNG.runSuitesLocally(TestNG.java:1208)\r\n\tat org.testng.TestNG.runSuites(TestNG.java:1112)\r\n\tat org.testng.TestNG.run(TestNG.java:1079)\r\n\tat com.intellij.rt.testng.IDEARemoteTestNG.run(IDEARemoteTestNG.java:65)\r\n\tat com.intellij.rt.testng.RemoteTestNGStarter.main(RemoteTestNGStarter.java:105)\r\nCaused by: org.apache.ibatis.reflection.ReflectionException: There is no getter for property named 'birthDate' in 'class ge.tbc.testautomation.Employee'\r\n\tat org.apache.ibatis.reflection.Reflector.getGetInvoker(Reflector.java:385)\r\n\tat org.apache.ibatis.reflection.MetaClass.getGetInvoker(MetaClass.java:160)\r\n\tat org.apache.ibatis.reflection.wrapper.BeanWrapper.getBeanProperty(BeanWrapper.java:156)\r\n\tat org.apache.ibatis.reflection.wrapper.BeanWrapper.get(BeanWrapper.java:50)\r\n\tat org.apache.ibatis.reflection.MetaObject.getValue(MetaObject.java:115)\r\n\tat org.apache.ibatis.scripting.defaults.DefaultParameterHandler.setParameters(DefaultParameterHandler.java:82)\r\n\tat org.apache.ibatis.executor.statement.PreparedStatementHandler.parameterize(PreparedStatementHandler.java:97)\r\n\tat org.apache.ibatis.executor.statement.RoutingStatementHandler.parameterize(RoutingStatementHandler.java:65)\r\n\tat org.apache.ibatis.executor.SimpleExecutor.prepareStatement(SimpleExecutor.java:91)\r\n\tat org.apache.ibatis.executor.SimpleExecutor.doUpdate(SimpleExecutor.java:49)\r\n\tat org.apache.ibatis.executor.BaseExecutor.update(BaseExecutor.java:117)\r\n\tat org.apache.ibatis.executor.CachingExecutor.update(CachingExecutor.java:76)\r\n\tat org.apache.ibatis.session.defaults.DefaultSqlSession.update(DefaultSqlSession.java:197)\r\n\t... 32 more\r\n"},"stage":"finished","steps":[{"name":"Prepare employee info for addition","status":"passed","stage":"finished","steps":[],"attachments":[],"parameters":[],"start":1750606430476,"stop":1750606430486},{"name":"Insert employee into H2 database","status":"broken","statusDetails":{"known":false,"muted":false,"flaky":false,"message":"\r\n### Error updating database.  Cause: org.apache.ibatis.reflection.ReflectionException: There is no getter for property named 'birthDate' in 'class ge.tbc.testautomation.Employee'\r\n### The error may exist in ge/tbc/testautomation/EmployeeMapper.java (best guess)\r\n### The error may involve ge.tbc.testautomation.EmployeeMapper.insertEmployee-Inline\r\n### The error occurred while setting parameters\r\n### SQL: INSERT INTO employee (birth_date, salary, employee_id, address, department, email, name, phone) VALUES (?, ?, ?, ?, ?, ?, ?, ?)\r\n### Cause: org.apache.ibatis.reflection.ReflectionException: There is no getter for property named 'birthDate' in 'class ge.tbc.testautomation.Employee'","trace":"org.apache.ibatis.exceptions.PersistenceException: \r\n### Error updating database.  Cause: org.apache.ibatis.reflection.ReflectionException: There is no getter for property named 'birthDate' in 'class ge.tbc.testautomation.Employee'\r\n### The error may exist in ge/tbc/testautomation/EmployeeMapper.java (best guess)\r\n### The error may involve ge.tbc.testautomation.EmployeeMapper.insertEmployee-Inline\r\n### The error occurred while setting parameters\r\n### SQL: INSERT INTO employee (birth_date, salary, employee_id, address, department, email, name, phone) VALUES (?, ?, ?, ?, ?, ?, ?, ?)\r\n### Cause: org.apache.ibatis.reflection.ReflectionException: There is no getter for property named 'birthDate' in 'class ge.tbc.testautomation.Employee'\r\n\tat org.apache.ibatis.exceptions.ExceptionFactory.wrapException(ExceptionFactory.java:30)\r\n\tat org.apache.ibatis.session.defaults.DefaultSqlSession.update(DefaultSqlSession.java:199)\r\n\tat org.apache.ibatis.session.defaults.DefaultSqlSession.insert(DefaultSqlSession.java:184)\r\n\tat org.apache.ibatis.binding.MapperMethod.execute(MapperMethod.java:62)\r\n\tat org.apache.ibatis.binding.MapperProxy$PlainMethodInvoker.invoke(MapperProxy.java:141)\r\n\tat org.apache.ibatis.binding.MapperProxy.invoke(MapperProxy.java:86)\r\n\tat jdk.proxy2/jdk.proxy2.$Proxy12.insertEmployee(Unknown Source)\r\n\tat ge.tbc.testautomation.EmployeeSteps.insertEmployeeIntoDB(EmployeeSteps.java:77)\r\n\tat EmployeeTests.addEmployeeTest(EmployeeTests.java:12)\r\n\tat java.base/jdk.internal.reflect.DirectMethodHandleAccessor.invoke(DirectMethodHandleAccessor.java:103)\r\n\tat java.base/java.lang.reflect.Method.invoke(Method.java:580)\r\n\tat org.testng.internal.invokers.MethodInvocationHelper.invokeMethod(MethodInvocationHelper.java:141)\r\n\tat org.testng.internal.invokers.TestInvoker.invokeMethod(TestInvoker.java:686)\r\n\tat org.testng.internal.invokers.TestInvoker.invokeTestMethod(TestInvoker.java:230)\r\n\tat org.testng.internal.invokers.MethodRunner.runInSequence(MethodRunner.java:63)\r\n\tat org.testng.internal.invokers.TestInvoker$MethodInvocationAgent.invoke(TestInvoker.java:992)\r\n\tat org.testng.internal.invokers.TestInvoker.invokeTestMethods(TestInvoker.java:203)\r\n\tat org.testng.internal.invokers.TestMethodWorker.invokeTestMethods(TestMethodWorker.java:154)\r\n\tat org.testng.internal.invokers.TestMethodWorker.run(TestMethodWorker.java:134)\r\n\tat java.base/java.util.ArrayList.forEach(ArrayList.java:1597)\r\n\tat org.testng.TestRunner.privateRun(TestRunner.java:739)\r\n\tat org.testng.TestRunner.run(TestRunner.java:614)\r\n\tat org.testng.SuiteRunner.runTest(SuiteRunner.java:421)\r\n\tat org.testng.SuiteRunner.runSequentially(SuiteRunner.java:413)\r\n\tat org.testng.SuiteRunner.privateRun(SuiteRunner.java:373)\r\n\tat org.testng.SuiteRunner.run(SuiteRunner.java:312)\r\n\tat org.testng.SuiteRunnerWorker.runSuite(SuiteRunnerWorker.java:52)\r\n\tat org.testng.SuiteRunnerWorker.run(SuiteRunnerWorker.java:95)\r\n\tat org.testng.TestNG.runSuitesSequentially(TestNG.java:1274)\r\n\tat org.testng.TestNG.runSuitesLocally(TestNG.java:1208)\r\n\tat org.testng.TestNG.runSuites(TestNG.java:1112)\r\n\tat org.testng.TestNG.run(TestNG.java:1079)\r\n\tat com.intellij.rt.testng.IDEARemoteTestNG.run(IDEARemoteTestNG.java:65)\r\n\tat com.intellij.rt.testng.RemoteTestNGStarter.main(RemoteTestNGStarter.java:105)\r\nCaused by: org.apache.ibatis.reflection.ReflectionException: There is no getter for property named 'birthDate' in 'class ge.tbc.testautomation.Employee'\r\n\tat org.apache.ibatis.reflection.Reflector.getGetInvoker(Reflector.java:385)\r\n\tat org.apache.ibatis.reflection.MetaClass.getGetInvoker(MetaClass.java:160)\r\n\tat org.apache.ibatis.reflection.wrapper.BeanWrapper.getBeanProperty(BeanWrapper.java:156)\r\n\tat org.apache.ibatis.reflection.wrapper.BeanWrapper.get(BeanWrapper.java:50)\r\n\tat org.apache.ibatis.reflection.MetaObject.getValue(MetaObject.java:115)\r\n\tat org.apache.ibatis.scripting.defaults.DefaultParameterHandler.setParameters(DefaultParameterHandler.java:82)\r\n\tat org.apache.ibatis.executor.statement.PreparedStatementHandler.parameterize(PreparedStatementHandler.java:97)\r\n\tat org.apache.ibatis.executor.statement.RoutingStatementHandler.parameterize(RoutingStatementHandler.java:65)\r\n\tat org.apache.ibatis.executor.SimpleExecutor.prepareStatement(SimpleExecutor.java:91)\r\n\tat org.apache.ibatis.executor.SimpleExecutor.doUpdate(SimpleExecutor.java:49)\r\n\tat org.apache.ibatis.executor.BaseExecutor.update(BaseExecutor.java:117)\r\n\tat org.apache.ibatis.executor.CachingExecutor.update(CachingExecutor.java:76)\r\n\tat org.apache.ibatis.session.defaults.DefaultSqlSession.update(DefaultSqlSession.java:197)\r\n\t... 32 more\r\n"},"stage":"finished","steps":[],"attachments":[],"parameters":[],"start":1750606430487,"stop":1750606431135}],"attachments":[],"parameters":[],"start":1750606430441,"stop":1750606431141}